<?xml version="1.0" encoding="UTF-8"?>
<!-- Generated by org.testng.reporters.JUnitReportReporter -->
<testsuite hostname="Saipavan" failures="0" tests="3" name="com.maths.TestNG_DataProviders" time="0.062" errors="0" timestamp="2020-06-30T19:25:04 IST" skipped="0">
  <testcase classname="com.maths.TestNG_DataProviders" name="testMethod1" time="0.016"/>
  <system-out/>
  <testcase classname="com.maths.TestNG_DataProviders" name="testMethod1" time="0.032"/>
  <system-out/>
  <testcase classname="com.maths.TestNG_DataProviders" name="testMethod1" time="0.014"/>
  <system-out/>
</testsuite> <!-- com.maths.TestNG_DataProviders -->
