<?xml version="1.0" encoding="UTF-8"?>
<!-- Generated by org.testng.reporters.JUnitReportReporter -->
<testsuite hostname="Saipavan" failures="0" tests="3" name="com.maths.MathOpr" time="0.081" errors="0" timestamp="2020-06-30T22:22:55 IST" skipped="0">
  <testcase classname="com.maths.MathOpr" name="invert" time="0.018"/>
  <system-out/>
  <testcase classname="com.maths.MathOpr" name="Sub" time="0.038"/>
  <system-out/>
  <testcase classname="com.maths.MathOpr" name="div" time="0.025"/>
  <system-out/>
</testsuite> <!-- com.maths.MathOpr -->
